2022-02-11 01:27:00 - Can not deserialize instance of DAOs.UsersDAO out of START_ARRAY token
 at [Source: (org.apache.catalina.connector.CoyoteInputStream); line: 1, column: 1]
	com.fasterxml.jackson.databind.JsonMappingException.from(JsonMappingException.java:164)
	com.fasterxml.jackson.databind.DeserializationContext.mappingException(DeserializationContext.java:599)
	com.fasterxml.jackson.databind.DeserializationContext.mappingException(DeserializationContext.java:593)
	com.fasterxml.jackson.databind.deser.BeanDeserializer.deserializeFromArray(BeanDeserializer.java:531)
	com.fasterxml.jackson.databind.deser.BeanDeserializer.deserialize(BeanDeserializer.java:141)
	com.fasterxml.jackson.databind.ObjectMapper._readMapAndClose(ObjectMapper.java:2796)
	com.fasterxml.jackson.databind.ObjectMapper.readValue(ObjectMapper.java:1988)
	servlet.DataServlet.doPost(DataServlet.java:56)
	javax.servlet.http.HttpServlet.service(HttpServlet.java:681)
	javax.servlet.http.HttpServlet.service(HttpServlet.java:764)

2022-02-11 01:30:19 - Unrecognized field "firstname" (class DAOs.UsersDAO), not marked as ignorable (5 known properties: , "lastName", "id", "firstName", "password", "email"])
 at [Source: (org.apache.catalina.connector.CoyoteInputStream); line: 2, column: 18] (through reference chain: DAOs.UsersDAO["firstname"])
	com.fasterxml.jackson.databind.exc.UnrecognizedPropertyException.from(UnrecognizedPropertyException.java:79)
	com.fasterxml.jackson.databind.DeserializationContext.reportUnknownProperty(DeserializationContext.java:579)
	com.fasterxml.jackson.databind.deser.std.StdDeserializer.handleUnknownProperty(StdDeserializer.java:672)
	com.fasterxml.jackson.databind.deser.BeanDeserializerBase.handleUnknownProperty(BeanDeserializerBase.java:906)
	com.fasterxml.jackson.databind.deser.BeanDeserializer.deserializeFromObject(BeanDeserializer.java:328)
	com.fasterxml.jackson.databind.deser.BeanDeserializer.deserialize(BeanDeserializer.java:121)
	com.fasterxml.jackson.databind.ObjectMapper._readMapAndClose(ObjectMapper.java:2796)
	com.fasterxml.jackson.databind.ObjectMapper.readValue(ObjectMapper.java:1988)
	servlet.DataServlet.doPost(DataServlet.java:56)
	javax.servlet.http.HttpServlet.service(HttpServlet.java:681)

2022-02-11 01:31:04 - null
	ORM.MyJDBC.InitializeConnect(MyJDBC.java:258)
	ORM.MyJDBC.AddUser(MyJDBC.java:120)
	servlet.DataServlet.doPost(DataServlet.java:59)
	javax.servlet.http.HttpServlet.service(HttpServlet.java:681)
	javax.servlet.http.HttpServlet.service(HttpServlet.java:764)
	org.apache.catalina.core.ApplicationFilterChain.internalDoFilter(ApplicationFilterChain.java:231)
	org.apache.catalina.core.ApplicationFilterChain.doFilter(ApplicationFilterChain.java:166)
	org.apache.tomcat.websocket.server.WsFilter.doFilter(WsFilter.java:52)
	org.apache.catalina.core.ApplicationFilterChain.internalDoFilter(ApplicationFilterChain.java:193)
	org.apache.catalina.core.ApplicationFilterChain.doFilter(ApplicationFilterChain.java:166)

2022-02-11 01:33:43 - Unrecognized field "value" (class DAOs.UsersDAO), not marked as ignorable (5 known properties: , "lastName", "id", "password", "firstName", "email"])
 at [Source: (org.apache.catalina.connector.CoyoteInputStream); line: 2, column: 14] (through reference chain: DAOs.UsersDAO["value"])
	com.fasterxml.jackson.databind.exc.UnrecognizedPropertyException.from(UnrecognizedPropertyException.java:79)
	com.fasterxml.jackson.databind.DeserializationContext.reportUnknownProperty(DeserializationContext.java:579)
	com.fasterxml.jackson.databind.deser.std.StdDeserializer.handleUnknownProperty(StdDeserializer.java:672)
	com.fasterxml.jackson.databind.deser.BeanDeserializerBase.handleUnknownProperty(BeanDeserializerBase.java:906)
	com.fasterxml.jackson.databind.deser.BeanDeserializer.deserializeFromObject(BeanDeserializer.java:328)
	com.fasterxml.jackson.databind.deser.BeanDeserializer.deserialize(BeanDeserializer.java:121)
	com.fasterxml.jackson.databind.ObjectMapper._readMapAndClose(ObjectMapper.java:2796)
	com.fasterxml.jackson.databind.ObjectMapper.readValue(ObjectMapper.java:1988)
	servlet.DataServlet.doPost(DataServlet.java:56)
	javax.servlet.http.HttpServlet.service(HttpServlet.java:681)

2022-02-11 01:38:10 - Unrecognized field "value" (class DAOs.UsersDAO), not marked as ignorable (5 known properties: , "lastName", "id", "firstName", "password", "email"])
 at [Source: (org.apache.catalina.connector.CoyoteInputStream); line: 2, column: 14] (through reference chain: DAOs.UsersDAO["value"])
	com.fasterxml.jackson.databind.exc.UnrecognizedPropertyException.from(UnrecognizedPropertyException.java:79)
	com.fasterxml.jackson.databind.DeserializationContext.reportUnknownProperty(DeserializationContext.java:579)
	com.fasterxml.jackson.databind.deser.std.StdDeserializer.handleUnknownProperty(StdDeserializer.java:672)
	com.fasterxml.jackson.databind.deser.BeanDeserializerBase.handleUnknownProperty(BeanDeserializerBase.java:906)
	com.fasterxml.jackson.databind.deser.BeanDeserializer.deserializeFromObject(BeanDeserializer.java:328)
	com.fasterxml.jackson.databind.deser.BeanDeserializer.deserialize(BeanDeserializer.java:121)
	com.fasterxml.jackson.databind.ObjectMapper._readMapAndClose(ObjectMapper.java:2796)
	com.fasterxml.jackson.databind.ObjectMapper.readValue(ObjectMapper.java:1988)
	servlet.DataServlet.doPost(DataServlet.java:58)
	javax.servlet.http.HttpServlet.service(HttpServlet.java:681)

